Using pre-set license
Built from '2021.1/staging' branch; Version is '2021.1.5f1 (3737af19df53) revision 3618735'; Using compiler version '192528614'; Build Type 'Release'
OS: 'Windows 10 Pro; OS build 19042.1052; Version 2009; 64bit' Language: 'ru' Physical Memory: 32699 MB
BatchMode: 1, IsHumanControllingUs: 0, StartBugReporterOnCrash: 0, Is64bit: 1, IsPro: 0

 COMMAND LINE ARGUMENTS:
C:\Program Files\Unity\Hub\Editor\2021.1.5f1\Editor\Unity.exe
-adb2
-batchMode
-noUpm
-name
AssetImportWorker0
-projectPath
C:/Users/sahsa/Downloads/DinoJump/DinoJump/Dino Jump
-logFile
Logs/AssetImportWorker0.log
-srvPort
53056
Successfully changed project path to: C:/Users/sahsa/Downloads/DinoJump/DinoJump/Dino Jump
C:/Users/sahsa/Downloads/DinoJump/DinoJump/Dino Jump
Using Asset Import Pipeline V2.
Refreshing native plugins compatible for Editor in 65.53 ms, found 1 plugins.
Preloading 0 native plugins for Editor in 0.00 ms.
Initialize engine version: 2021.1.5f1 (3737af19df53)
[Subsystems] Discovering subsystems at path C:/Program Files/Unity/Hub/Editor/2021.1.5f1/Editor/Data/Resources/UnitySubsystems
[Subsystems] Discovering subsystems at path C:/Users/sahsa/Downloads/DinoJump/DinoJump/Dino Jump/Assets
GfxDevice: creating device client; threaded=0; jobified=0
Direct3D:
    Version:  Direct3D 11.0 [level 11.1]
    Renderer: NVIDIA GeForce GTX 1060 6GB (ID=0x1c03)
    Vendor:   NVIDIA
    VRAM:     6052 MB
    Driver:   27.21.14.5671
Initialize mono
Mono path[0] = 'C:/Program Files/Unity/Hub/Editor/2021.1.5f1/Editor/Data/Managed'
Mono path[1] = 'C:/Program Files/Unity/Hub/Editor/2021.1.5f1/Editor/Data/MonoBleedingEdge/lib/mono/unityjit'
Mono config path = 'C:/Program Files/Unity/Hub/Editor/2021.1.5f1/Editor/Data/MonoBleedingEdge/etc'
Using monoOptions --debugger-agent=transport=dt_socket,embedding=1,server=y,suspend=n,address=127.0.0.1:56116
Begin MonoManager ReloadAssembly
Registering precompiled unity dll's ...
Register platform support module: C:/Program Files/Unity/Hub/Editor/2021.1.5f1/Editor/Data/PlaybackEngines/WindowsStandaloneSupport/UnityEditor.WindowsStandalone.Extensions.dll
Registered in 0.001750 seconds.
Native extension for WindowsStandalone target not found
Refreshing native plugins compatible for Editor in 68.18 ms, found 1 plugins.
Preloading 0 native plugins for Editor in 0.00 ms.
Mono: successfully reloaded assembly
- Completed reload, in  2.038 seconds
Platform modules already initialized, skipping
Registering precompiled user dll's ...
Registered in 0.002825 seconds.
Begin MonoManager ReloadAssembly
Native extension for WindowsStandalone target not found
Refreshing native plugins compatible for Editor in 0.61 ms, found 1 plugins.
Preloading 0 native plugins for Editor in 0.00 ms.
Mono: successfully reloaded assembly
- Completed reload, in  0.855 seconds
Platform modules already initialized, skipping
========================================================================
Worker process is ready to serve import requests
Launched and connected shader compiler UnityShaderCompiler.exe after 0.04 seconds
Refreshing native plugins compatible for Editor in 0.58 ms, found 1 plugins.
Preloading 0 native plugins for Editor in 0.00 ms.
Unloading 2712 Unused Serialized files (Serialized files now loaded: 0)
System memory in use before: 124.0 MB.
System memory in use after: 124.1 MB.

Unloading 15 unused Assets to reduce memory usage. Loaded Objects now: 3200.
Total: 1.953200 ms (FindLiveObjects: 0.272000 ms CreateObjectMapping: 0.068500 ms MarkObjects: 1.522500 ms  DeleteObjects: 0.089300 ms)

========================================================================
Received Import Request.
  path: Assets/New Lighting Settings.lighting
  artifactKey: Guid(e00bf0b35b76851458f3e29434121baf) Importer(815301076,1909f56bfc062723c751e8b465ee728b)
Start importing Assets/New Lighting Settings.lighting using Guid(e00bf0b35b76851458f3e29434121baf) Importer(815301076,1909f56bfc062723c751e8b465ee728b)  -> (artifact id: 'db803028d95d5de64595f482c5363620') in 0.030068 seconds 
========================================================================
Received Import Request.
  Time since last request: 46.327080 seconds.
  path: Assets/Scripts/UI
  artifactKey: Guid(91852d6d95d086341acb51bac55441ea) Importer(815301076,1909f56bfc062723c751e8b465ee728b)
Start importing Assets/Scripts/UI using Guid(91852d6d95d086341acb51bac55441ea) Importer(815301076,1909f56bfc062723c751e8b465ee728b)  -> (artifact id: '203887c77d45ae4e3e9d8d585c5d5268') in 0.006196 seconds 
========================================================================
Received Import Request.
  Time since last request: 24.191488 seconds.
  path: Assets/Scripts/UI/UIScreen.cs
  artifactKey: Guid(741771efd69fcbd4ca0c44247c66efa4) Importer(815301076,1909f56bfc062723c751e8b465ee728b)
Start importing Assets/Scripts/UI/UIScreen.cs using Guid(741771efd69fcbd4ca0c44247c66efa4) Importer(815301076,1909f56bfc062723c751e8b465ee728b)  -> (artifact id: 'ea548df9a01bcd9b95e13cd8caad00cf') in 0.009317 seconds 
========================================================================
Received Import Request.
  Time since last request: 2.663018 seconds.
  path: Assets/Scripts/UI/UIManager.cs
  artifactKey: Guid(5c87fea330b786944affa23f9b10de4d) Importer(815301076,1909f56bfc062723c751e8b465ee728b)
Start importing Assets/Scripts/UI/UIManager.cs using Guid(5c87fea330b786944affa23f9b10de4d) Importer(815301076,1909f56bfc062723c751e8b465ee728b)  -> (artifact id: 'ee52c63d10ee3012af214dbb98a373b0') in 0.006560 seconds 
========================================================================
Received Import Request.
  Time since last request: 20.177313 seconds.
  path: Assets/Scripts/UI/UIManager.cs
  artifactKey: Guid(5c87fea330b786944affa23f9b10de4d) Importer(815301076,1909f56bfc062723c751e8b465ee728b)
Start importing Assets/Scripts/UI/UIManager.cs using Guid(5c87fea330b786944affa23f9b10de4d) Importer(815301076,1909f56bfc062723c751e8b465ee728b)  -> (artifact id: '268ac100704a360befac9fed0e2f66be') in 0.002625 seconds 
========================================================================
Received Import Request.
  Time since last request: 31.962091 seconds.
  path: Assets/Scripts/UI/GameState.cs
  artifactKey: Guid(ff6b044b6db2dbd4ca8f06945f7196f1) Importer(815301076,1909f56bfc062723c751e8b465ee728b)
Start importing Assets/Scripts/UI/GameState.cs using Guid(ff6b044b6db2dbd4ca8f06945f7196f1) Importer(815301076,1909f56bfc062723c751e8b465ee728b)  -> (artifact id: '698c73fbd151c6d0793ebaabb3996117') in 0.006045 seconds 
========================================================================
Received Import Request.
  Time since last request: 38.679001 seconds.
  path: Assets/Scripts/UI/GameState.cs
  artifactKey: Guid(ff6b044b6db2dbd4ca8f06945f7196f1) Importer(815301076,1909f56bfc062723c751e8b465ee728b)
Start importing Assets/Scripts/UI/GameState.cs using Guid(ff6b044b6db2dbd4ca8f06945f7196f1) Importer(815301076,1909f56bfc062723c751e8b465ee728b)  -> (artifact id: '41426053bac1cadb87d31e77a4be8a7f') in 0.002428 seconds 
========================================================================
Received Import Request.
  Time since last request: 4.577010 seconds.
  path: Assets/Scripts/UI/GameState.cs
  artifactKey: Guid(ff6b044b6db2dbd4ca8f06945f7196f1) Importer(815301076,1909f56bfc062723c751e8b465ee728b)
Start importing Assets/Scripts/UI/GameState.cs using Guid(ff6b044b6db2dbd4ca8f06945f7196f1) Importer(815301076,1909f56bfc062723c751e8b465ee728b)  -> (artifact id: 'c64ee6548727fc3fc26b9947809c5406') in 0.002438 seconds 
========================================================================
Received Import Request.
  Time since last request: 14.818388 seconds.
  path: Assets/Scripts/UI/GameState.cs
  artifactKey: Guid(ff6b044b6db2dbd4ca8f06945f7196f1) Importer(815301076,1909f56bfc062723c751e8b465ee728b)
Start importing Assets/Scripts/UI/GameState.cs using Guid(ff6b044b6db2dbd4ca8f06945f7196f1) Importer(815301076,1909f56bfc062723c751e8b465ee728b)  -> (artifact id: '17c8e49ecdc69a70af066ec11769124a') in 0.002311 seconds 
========================================================================
Received Import Request.
  Time since last request: 69.440053 seconds.
  path: Assets/Scripts/UI/GameStateManager.cs
  artifactKey: Guid(cbec9380db1ebb84db8aac9070a95da4) Importer(815301076,1909f56bfc062723c751e8b465ee728b)
Start importing Assets/Scripts/UI/GameStateManager.cs using Guid(cbec9380db1ebb84db8aac9070a95da4) Importer(815301076,1909f56bfc062723c751e8b465ee728b)  -> (artifact id: '502ae76640dc5908d50f479a35277c7f') in 0.006152 seconds 
========================================================================
Received Import Request.
  Time since last request: 29.301262 seconds.
  path: Assets/Scripts/UI/GameStateManager.cs
  artifactKey: Guid(cbec9380db1ebb84db8aac9070a95da4) Importer(815301076,1909f56bfc062723c751e8b465ee728b)
Start importing Assets/Scripts/UI/GameStateManager.cs using Guid(cbec9380db1ebb84db8aac9070a95da4) Importer(815301076,1909f56bfc062723c751e8b465ee728b)  -> (artifact id: '452d0301feab0f3a52f9fef3c9f5a87d') in 0.002437 seconds 
========================================================================
Received Import Request.
  Time since last request: 108.136177 seconds.
  path: Assets/Scripts/UI/GameStateManager.cs
  artifactKey: Guid(cbec9380db1ebb84db8aac9070a95da4) Importer(815301076,1909f56bfc062723c751e8b465ee728b)
Start importing Assets/Scripts/UI/GameStateManager.cs using Guid(cbec9380db1ebb84db8aac9070a95da4) Importer(815301076,1909f56bfc062723c751e8b465ee728b)  -> (artifact id: 'db2be2e8235ff4fdef0299619085c12e') in 0.002425 seconds 
========================================================================
Received Import Request.
  Time since last request: 22.863483 seconds.
  path: Assets/Scripts/UI/GameStateManager.cs
  artifactKey: Guid(cbec9380db1ebb84db8aac9070a95da4) Importer(815301076,1909f56bfc062723c751e8b465ee728b)
Start importing Assets/Scripts/UI/GameStateManager.cs using Guid(cbec9380db1ebb84db8aac9070a95da4) Importer(815301076,1909f56bfc062723c751e8b465ee728b)  -> (artifact id: '9465f0c6d0ad3c77fe3dfb648994839c') in 0.002437 seconds 
========================================================================
Received Import Request.
  Time since last request: 15.154577 seconds.
  path: Assets/Scripts/UI/UIManager.cs
  artifactKey: Guid(5c87fea330b786944affa23f9b10de4d) Importer(815301076,1909f56bfc062723c751e8b465ee728b)
Start importing Assets/Scripts/UI/UIManager.cs using Guid(5c87fea330b786944affa23f9b10de4d) Importer(815301076,1909f56bfc062723c751e8b465ee728b)  -> (artifact id: 'df91f8d2085dba872d8dc9f7ea21db78') in 0.002536 seconds 
========================================================================
Received Import Request.
  Time since last request: 13.665260 seconds.
  path: Assets/Scripts/UI/UIManager.cs
  artifactKey: Guid(5c87fea330b786944affa23f9b10de4d) Importer(815301076,1909f56bfc062723c751e8b465ee728b)
Start importing Assets/Scripts/UI/UIManager.cs using Guid(5c87fea330b786944affa23f9b10de4d) Importer(815301076,1909f56bfc062723c751e8b465ee728b)  -> (artifact id: 'c933ceda0ce6a934bae3b8947b85ddfe') in 0.002833 seconds 
========================================================================
Received Prepare
Registering precompiled user dll's ...
Registered in 0.002618 seconds.
Begin MonoManager ReloadAssembly
Native extension for WindowsStandalone target not found
Refreshing native plugins compatible for Editor in 0.60 ms, found 1 plugins.
Preloading 0 native plugins for Editor in 0.00 ms.
Mono: successfully reloaded assembly
- Completed reload, in  0.805 seconds
Platform modules already initialized, skipping
Switching build target platform(19) subTarget(0) extendedPlatform(0) -> platform(13) subTarget(537395200) extendedPlatform(0)
Refreshing native plugins compatible for Editor in 0.85 ms, found 1 plugins.
Preloading 0 native plugins for Editor in 0.00 ms.
Unloading 2697 Unused Serialized files (Serialized files now loaded: 0)
System memory in use before: 121.2 MB.
System memory in use after: 121.4 MB.

Unloading 10 unused Assets to reduce memory usage. Loaded Objects now: 3207.
Total: 1.918600 ms (FindLiveObjects: 0.291100 ms CreateObjectMapping: 0.070500 ms MarkObjects: 1.493300 ms  DeleteObjects: 0.062400 ms)

AssetImportParameters requested are different than current active one (requested -> active):
  custom:graphics/normal-map-encoding: 01000000000000000000000000000000 -> 02000000000000000000000000000000
========================================================================
Received Import Request.
  Time since last request: 138.982001 seconds.
  path: Assets/Scripts/UI/Game.cs
  artifactKey: Guid(f80e07af5e0fdd945855d13c09fd020b) Importer(815301076,1909f56bfc062723c751e8b465ee728b)
Start importing Assets/Scripts/UI/Game.cs using Guid(f80e07af5e0fdd945855d13c09fd020b) Importer(815301076,1909f56bfc062723c751e8b465ee728b)  -> (artifact id: 'f2035045b7e038b991b2ce8740484b28') in 0.009978 seconds 
========================================================================
Received Prepare
Registering precompiled user dll's ...
Registered in 0.002760 seconds.
Begin MonoManager ReloadAssembly
Native extension for WindowsStandalone target not found
Refreshing native plugins compatible for Editor in 0.57 ms, found 1 plugins.
Preloading 0 native plugins for Editor in 0.00 ms.
Mono: successfully reloaded assembly
- Completed reload, in  0.787 seconds
Platform modules already initialized, skipping
Switching build target platform(19) subTarget(0) extendedPlatform(0) -> platform(13) subTarget(537395200) extendedPlatform(0)
Refreshing native plugins compatible for Editor in 0.59 ms, found 1 plugins.
Preloading 0 native plugins for Editor in 0.00 ms.
Unloading 2698 Unused Serialized files (Serialized files now loaded: 0)
System memory in use before: 121.2 MB.
System memory in use after: 121.4 MB.

Unloading 10 unused Assets to reduce memory usage. Loaded Objects now: 3211.
Total: 1.898000 ms (FindLiveObjects: 0.277100 ms CreateObjectMapping: 0.073200 ms MarkObjects: 1.487400 ms  DeleteObjects: 0.059500 ms)

AssetImportParameters requested are different than current active one (requested -> active):
  custom:graphics/normal-map-encoding: 01000000000000000000000000000000 -> 02000000000000000000000000000000
========================================================================
Received Import Request.
  Time since last request: 16.482889 seconds.
  path: Assets/Scripts/UI/GameScreen.cs
  artifactKey: Guid(f80e07af5e0fdd945855d13c09fd020b) Importer(815301076,1909f56bfc062723c751e8b465ee728b)
Start importing Assets/Scripts/UI/GameScreen.cs using Guid(f80e07af5e0fdd945855d13c09fd020b) Importer(815301076,1909f56bfc062723c751e8b465ee728b)  -> (artifact id: '406681f6535ec3a4d011da96db54d335') in 0.009646 seconds 
========================================================================
Received Prepare
Registering precompiled user dll's ...
Registered in 0.002763 seconds.
Begin MonoManager ReloadAssembly
Native extension for WindowsStandalone target not found
Refreshing native plugins compatible for Editor in 0.62 ms, found 1 plugins.
Preloading 0 native plugins for Editor in 0.00 ms.
Mono: successfully reloaded assembly
- Completed reload, in  0.821 seconds
Platform modules already initialized, skipping
Switching build target platform(19) subTarget(0) extendedPlatform(0) -> platform(13) subTarget(537395200) extendedPlatform(0)
Refreshing native plugins compatible for Editor in 0.63 ms, found 1 plugins.
Preloading 0 native plugins for Editor in 0.00 ms.
Unloading 2698 Unused Serialized files (Serialized files now loaded: 0)
System memory in use before: 121.3 MB.
System memory in use after: 121.5 MB.

Unloading 10 unused Assets to reduce memory usage. Loaded Objects now: 3214.
Total: 1.957900 ms (FindLiveObjects: 0.292000 ms CreateObjectMapping: 0.070200 ms MarkObjects: 1.531100 ms  DeleteObjects: 0.063000 ms)

AssetImportParameters requested are different than current active one (requested -> active):
  custom:graphics/normal-map-encoding: 01000000000000000000000000000000 -> 02000000000000000000000000000000
========================================================================
Received Prepare
Registering precompiled user dll's ...
Registered in 0.003194 seconds.
Begin MonoManager ReloadAssembly
Native extension for WindowsStandalone target not found
Refreshing native plugins compatible for Editor in 0.58 ms, found 1 plugins.
Preloading 0 native plugins for Editor in 0.00 ms.
Mono: successfully reloaded assembly
- Completed reload, in  0.828 seconds
Platform modules already initialized, skipping
Switching build target platform(19) subTarget(0) extendedPlatform(0) -> platform(13) subTarget(537395200) extendedPlatform(0)
Refreshing native plugins compatible for Editor in 0.63 ms, found 1 plugins.
Preloading 0 native plugins for Editor in 0.00 ms.
Unloading 2698 Unused Serialized files (Serialized files now loaded: 0)
System memory in use before: 121.3 MB.
System memory in use after: 121.5 MB.

Unloading 10 unused Assets to reduce memory usage. Loaded Objects now: 3217.
Total: 1.965600 ms (FindLiveObjects: 0.296500 ms CreateObjectMapping: 0.073500 ms MarkObjects: 1.509800 ms  DeleteObjects: 0.084900 ms)

AssetImportParameters requested are different than current active one (requested -> active):
  custom:graphics/normal-map-encoding: 01000000000000000000000000000000 -> 02000000000000000000000000000000
========================================================================
Received Import Request.
  Time since last request: 46.434503 seconds.
  path: Assets/Scripts/UI/GameScreen.cs
  artifactKey: Guid(f80e07af5e0fdd945855d13c09fd020b) Importer(815301076,1909f56bfc062723c751e8b465ee728b)
Start importing Assets/Scripts/UI/GameScreen.cs using Guid(f80e07af5e0fdd945855d13c09fd020b) Importer(815301076,1909f56bfc062723c751e8b465ee728b)  -> (artifact id: '9ff75ea05edf44737828754a333afc85') in 0.006276 seconds 
========================================================================
Received Prepare
Registering precompiled user dll's ...
Registered in 0.002729 seconds.
Begin MonoManager ReloadAssembly
Native extension for WindowsStandalone target not found
Refreshing native plugins compatible for Editor in 0.58 ms, found 1 plugins.
Preloading 0 native plugins for Editor in 0.00 ms.
Mono: successfully reloaded assembly
- Completed reload, in  0.821 seconds
Platform modules already initialized, skipping
Switching build target platform(19) subTarget(0) extendedPlatform(0) -> platform(13) subTarget(537395200) extendedPlatform(0)
Refreshing native plugins compatible for Editor in 0.59 ms, found 1 plugins.
Preloading 0 native plugins for Editor in 0.00 ms.
Unloading 2698 Unused Serialized files (Serialized files now loaded: 0)
System memory in use before: 121.3 MB.
System memory in use after: 121.5 MB.

Unloading 10 unused Assets to reduce memory usage. Loaded Objects now: 3220.
Total: 2.155600 ms (FindLiveObjects: 0.297900 ms CreateObjectMapping: 0.069600 ms MarkObjects: 1.711800 ms  DeleteObjects: 0.075600 ms)

AssetImportParameters requested are different than current active one (requested -> active):
  custom:graphics/normal-map-encoding: 01000000000000000000000000000000 -> 02000000000000000000000000000000
AssetImportWorkerClient::OnTransportError - code=2 error=End of file
