Using pre-set license
Built from '2021.1/staging' branch; Version is '2021.1.5f1 (3737af19df53) revision 3618735'; Using compiler version '192528614'; Build Type 'Release'
OS: 'Windows 10 Pro; OS build 19042.1052; Version 2009; 64bit' Language: 'ru' Physical Memory: 32699 MB
BatchMode: 1, IsHumanControllingUs: 0, StartBugReporterOnCrash: 0, Is64bit: 1, IsPro: 0

 COMMAND LINE ARGUMENTS:
C:\Program Files\Unity\Hub\Editor\2021.1.5f1\Editor\Unity.exe
-adb2
-batchMode
-noUpm
-name
AssetImportWorker0
-projectPath
C:/Users/sahsa/Downloads/DinoJump/DinoJump/Dino Jump
-logFile
Logs/AssetImportWorker0.log
-srvPort
62478
Successfully changed project path to: C:/Users/sahsa/Downloads/DinoJump/DinoJump/Dino Jump
C:/Users/sahsa/Downloads/DinoJump/DinoJump/Dino Jump
Using Asset Import Pipeline V2.
Refreshing native plugins compatible for Editor in 67.10 ms, found 1 plugins.
Preloading 0 native plugins for Editor in 0.00 ms.
Initialize engine version: 2021.1.5f1 (3737af19df53)
[Subsystems] Discovering subsystems at path C:/Program Files/Unity/Hub/Editor/2021.1.5f1/Editor/Data/Resources/UnitySubsystems
[Subsystems] Discovering subsystems at path C:/Users/sahsa/Downloads/DinoJump/DinoJump/Dino Jump/Assets
GfxDevice: creating device client; threaded=0; jobified=0
Direct3D:
    Version:  Direct3D 11.0 [level 11.1]
    Renderer: NVIDIA GeForce GTX 1060 6GB (ID=0x1c03)
    Vendor:   NVIDIA
    VRAM:     6052 MB
    Driver:   27.21.14.5671
Initialize mono
Mono path[0] = 'C:/Program Files/Unity/Hub/Editor/2021.1.5f1/Editor/Data/Managed'
Mono path[1] = 'C:/Program Files/Unity/Hub/Editor/2021.1.5f1/Editor/Data/MonoBleedingEdge/lib/mono/unityjit'
Mono config path = 'C:/Program Files/Unity/Hub/Editor/2021.1.5f1/Editor/Data/MonoBleedingEdge/etc'
Using monoOptions --debugger-agent=transport=dt_socket,embedding=1,server=y,suspend=n,address=127.0.0.1:56456
Begin MonoManager ReloadAssembly
Registering precompiled unity dll's ...
Register platform support module: C:/Program Files/Unity/Hub/Editor/2021.1.5f1/Editor/Data/PlaybackEngines/WindowsStandaloneSupport/UnityEditor.WindowsStandalone.Extensions.dll
Registered in 0.001855 seconds.
Native extension for WindowsStandalone target not found
Refreshing native plugins compatible for Editor in 69.17 ms, found 1 plugins.
Preloading 0 native plugins for Editor in 0.00 ms.
Mono: successfully reloaded assembly
- Completed reload, in  1.768 seconds
Platform modules already initialized, skipping
Registering precompiled user dll's ...
Registered in 0.003102 seconds.
Begin MonoManager ReloadAssembly
Native extension for WindowsStandalone target not found
Refreshing native plugins compatible for Editor in 0.58 ms, found 1 plugins.
Preloading 0 native plugins for Editor in 0.00 ms.
Mono: successfully reloaded assembly
- Completed reload, in  0.846 seconds
Platform modules already initialized, skipping
========================================================================
Worker process is ready to serve import requests
Launched and connected shader compiler UnityShaderCompiler.exe after 0.04 seconds
Refreshing native plugins compatible for Editor in 0.59 ms, found 1 plugins.
Preloading 0 native plugins for Editor in 0.00 ms.
Unloading 2712 Unused Serialized files (Serialized files now loaded: 0)
System memory in use before: 124.0 MB.
System memory in use after: 124.1 MB.

Unloading 15 unused Assets to reduce memory usage. Loaded Objects now: 3200.
Total: 2.191200 ms (FindLiveObjects: 0.273800 ms CreateObjectMapping: 0.078200 ms MarkObjects: 1.730000 ms  DeleteObjects: 0.108400 ms)

========================================================================
Received Import Request.
  path: Assets/Scripts/BoneSpawner.cs
  artifactKey: Guid(a7ea02786f27a194ca47725dff04ca24) Importer(815301076,1909f56bfc062723c751e8b465ee728b)
Start importing Assets/Scripts/BoneSpawner.cs using Guid(a7ea02786f27a194ca47725dff04ca24) Importer(815301076,1909f56bfc062723c751e8b465ee728b)  -> (artifact id: '6e5f2dd9012d74d6a065b8f76d270b50') in 0.025838 seconds 
========================================================================
Received Import Request.
  Time since last request: 51.527962 seconds.
  path: Assets/Scripts/PlayerController.cs
  artifactKey: Guid(f5ee1ab715cb95344be5fbe77685662c) Importer(815301076,1909f56bfc062723c751e8b465ee728b)
Start importing Assets/Scripts/PlayerController.cs using Guid(f5ee1ab715cb95344be5fbe77685662c) Importer(815301076,1909f56bfc062723c751e8b465ee728b)  -> (artifact id: 'a627fe1dfc5b703e943afe639d3c9bfa') in 0.006998 seconds 
========================================================================
Received Import Request.
  Time since last request: 9.004413 seconds.
  path: Assets/Scripts/ScoreManager.cs
  artifactKey: Guid(a462aa0703aa4ed4b9305d2d21f4bcde) Importer(815301076,1909f56bfc062723c751e8b465ee728b)
Start importing Assets/Scripts/ScoreManager.cs using Guid(a462aa0703aa4ed4b9305d2d21f4bcde) Importer(815301076,1909f56bfc062723c751e8b465ee728b)  -> (artifact id: '1b0f7916387e7317b1909281db40eb5a') in 0.006055 seconds 
========================================================================
Received Import Request.
  Time since last request: 67.066766 seconds.
  path: Assets/Scripts/TerrainPool.cs
  artifactKey: Guid(b353dc93ae4fe8c4aa1046318ec25c91) Importer(815301076,1909f56bfc062723c751e8b465ee728b)
Start importing Assets/Scripts/TerrainPool.cs using Guid(b353dc93ae4fe8c4aa1046318ec25c91) Importer(815301076,1909f56bfc062723c751e8b465ee728b)  -> (artifact id: '9e7880fc71f48fcc743eb8ac99a94881') in 0.006081 seconds 
========================================================================
Received Import Request.
  Time since last request: 178.473724 seconds.
  path: Assets/Scripts/DepthTrigger.cs
  artifactKey: Guid(77796b5a7035660468b0715f59ffefac) Importer(815301076,1909f56bfc062723c751e8b465ee728b)
Start importing Assets/Scripts/DepthTrigger.cs using Guid(77796b5a7035660468b0715f59ffefac) Importer(815301076,1909f56bfc062723c751e8b465ee728b)  -> (artifact id: '311aa26352174b6c1cea53a63741e3a1') in 0.006347 seconds 
========================================================================
Received Prepare
Registering precompiled user dll's ...
Registered in 0.002515 seconds.
Begin MonoManager ReloadAssembly
Native extension for WindowsStandalone target not found
Refreshing native plugins compatible for Editor in 0.56 ms, found 1 plugins.
Preloading 0 native plugins for Editor in 0.00 ms.
Mono: successfully reloaded assembly
- Completed reload, in  0.747 seconds
Platform modules already initialized, skipping
Switching build target platform(19) subTarget(0) extendedPlatform(0) -> platform(13) subTarget(537395200) extendedPlatform(0)
Refreshing native plugins compatible for Editor in 0.62 ms, found 1 plugins.
Preloading 0 native plugins for Editor in 0.00 ms.
Unloading 2693 Unused Serialized files (Serialized files now loaded: 0)
System memory in use before: 121.1 MB.
System memory in use after: 121.3 MB.

Unloading 10 unused Assets to reduce memory usage. Loaded Objects now: 3203.
Total: 1.833300 ms (FindLiveObjects: 0.251500 ms CreateObjectMapping: 0.070500 ms MarkObjects: 1.451100 ms  DeleteObjects: 0.059300 ms)

AssetImportParameters requested are different than current active one (requested -> active):
  custom:graphics/normal-map-encoding: 01000000000000000000000000000000 -> 02000000000000000000000000000000
========================================================================
Received Prepare
Registering precompiled user dll's ...
Registered in 0.002539 seconds.
Begin MonoManager ReloadAssembly
Native extension for WindowsStandalone target not found
Refreshing native plugins compatible for Editor in 0.60 ms, found 1 plugins.
Preloading 0 native plugins for Editor in 0.00 ms.
Mono: successfully reloaded assembly
- Completed reload, in  0.766 seconds
Platform modules already initialized, skipping
Switching build target platform(19) subTarget(0) extendedPlatform(0) -> platform(13) subTarget(537395200) extendedPlatform(0)
Refreshing native plugins compatible for Editor in 0.58 ms, found 1 plugins.
Preloading 0 native plugins for Editor in 0.00 ms.
Unloading 2693 Unused Serialized files (Serialized files now loaded: 0)
System memory in use before: 121.1 MB.
System memory in use after: 121.3 MB.

Unloading 10 unused Assets to reduce memory usage. Loaded Objects now: 3206.
Total: 1.907100 ms (FindLiveObjects: 0.261800 ms CreateObjectMapping: 0.068600 ms MarkObjects: 1.498400 ms  DeleteObjects: 0.076400 ms)

AssetImportParameters requested are different than current active one (requested -> active):
  custom:graphics/normal-map-encoding: 01000000000000000000000000000000 -> 02000000000000000000000000000000
AssetImportWorkerClient::OnTransportError - code=2 error=End of file
